[[1;34mINFO[m] Scanning for projects...
[[1;33mWARNING[m] 
[[1;33mWARNING[m] Some problems were encountered while building the effective model for com.spdx:import:war:0.0.1-SNAPSHOT
[[1;33mWARNING[m] 'dependencies.dependency.(groupId:artifactId:type:classifier)' must be unique: commons-fileupload:commons-fileupload:jar -> version 1.2.2 vs 1.3.2 @ line 112, column 15
[[1;33mWARNING[m] 'build.plugins.plugin.version' for org.apache.maven.plugins:maven-compiler-plugin is missing. @ line 152, column 12
[[1;33mWARNING[m] 
[[1;33mWARNING[m] It is highly recommended to fix these problems because they threaten the stability of your build.
[[1;33mWARNING[m] 
[[1;33mWARNING[m] For this reason, future Maven versions might no longer support building such malformed projects.
[[1;33mWARNING[m] 
[[1;34mINFO[m] 
[[1;34mINFO[m] [1m--------------------------< [0;36mcom.spdx:import[0;1m >---------------------------[m
[[1;34mINFO[m] [1mBuilding import Maven Webapp 0.0.1-SNAPSHOT[m
[[1;34mINFO[m] [1m--------------------------------[ war ]---------------------------------[m
[[1;34mINFO[m] 
[[1;34mINFO[m] [1m--- [0;32mmaven-resources-plugin:2.6:resources[m [1m(default-resources)[m @ [36mimport[0;1m ---[m
[[1;34mINFO[m] Using 'UTF-8' encoding to copy filtered resources.
[[1;34mINFO[m] Copying 3 resources
[[1;34mINFO[m] 
[[1;34mINFO[m] [1m--- [0;32mmaven-compiler-plugin:3.1:compile[m [1m(default-compile)[m @ [36mimport[0;1m ---[m
[[1;34mINFO[m] Changes detected - recompiling the module!
[[1;34mINFO[m] Compiling 24 source files to /home/sw360/sw360tool_latest/target/classes
[[1;34mINFO[m] 
[[1;34mINFO[m] [1m--- [0;32mmaven-resources-plugin:2.6:testResources[m [1m(default-testResources)[m @ [36mimport[0;1m ---[m
[[1;34mINFO[m] Using 'UTF-8' encoding to copy filtered resources.
[[1;34mINFO[m] skip non existing resourceDirectory /home/sw360/sw360tool_latest/src/test/resources
[[1;34mINFO[m] 
[[1;34mINFO[m] [1m--- [0;32mmaven-compiler-plugin:3.1:testCompile[m [1m(default-testCompile)[m @ [36mimport[0;1m ---[m
[[1;34mINFO[m] No sources to compile
[[1;34mINFO[m] 
[[1;34mINFO[m] [1m--- [0;32mmaven-surefire-plugin:2.12.4:test[m [1m(default-test)[m @ [36mimport[0;1m ---[m
[[1;34mINFO[m] No tests to run.
[[1;34mINFO[m] 
[[1;34mINFO[m] [1m--- [0;32mmaven-war-plugin:2.2:war[m [1m(default-war)[m @ [36mimport[0;1m ---[m
[[1;34mINFO[m] Packaging webapp
[[1;34mINFO[m] Assembling webapp [import] in [/home/sw360/sw360tool_latest/target/import]
[[1;34mINFO[m] Processing war project
[[1;34mINFO[m] Copying webapp resources [/home/sw360/sw360tool_latest/src/main/webapp]
[[1;34mINFO[m] Webapp assembled in [460 msecs]
[[1;34mINFO[m] Building war: /home/sw360/sw360tool_latest/target/import.war
[[1;34mINFO[m] WEB-INF/web.xml already added, skipping
[[1;34mINFO[m] 
[[1;34mINFO[m] [1m--- [0;32mmaven-install-plugin:2.4:install[m [1m(default-install)[m @ [36mimport[0;1m ---[m
[[1;34mINFO[m] Installing /home/sw360/sw360tool_latest/target/import.war to /root/.m2/repository/com/spdx/import/0.0.1-SNAPSHOT/import-0.0.1-SNAPSHOT.war
[[1;34mINFO[m] Installing /home/sw360/sw360tool_latest/pom.xml to /root/.m2/repository/com/spdx/import/0.0.1-SNAPSHOT/import-0.0.1-SNAPSHOT.pom
[[1;34mINFO[m] 
[[1;34mINFO[m] [1m>>> [0;32mtomcat7-maven-plugin:2.2:run[m [1m(default-cli)[0;1m > [0;1mprocess-classes[m @ [36mimport[0;1m >>>[m
[[1;34mINFO[m] 
[[1;34mINFO[m] [1m--- [0;32mmaven-resources-plugin:2.6:resources[m [1m(default-resources)[m @ [36mimport[0;1m ---[m
[[1;34mINFO[m] Using 'UTF-8' encoding to copy filtered resources.
[[1;34mINFO[m] Copying 3 resources
[[1;34mINFO[m] 
[[1;34mINFO[m] [1m--- [0;32mmaven-compiler-plugin:3.1:compile[m [1m(default-compile)[m @ [36mimport[0;1m ---[m
[[1;34mINFO[m] Nothing to compile - all classes are up to date
[[1;34mINFO[m] 
[[1;34mINFO[m] [1m<<< [0;32mtomcat7-maven-plugin:2.2:run[m [1m(default-cli)[0;1m < [0;1mprocess-classes[m @ [36mimport[0;1m <<<[m
[[1;34mINFO[m] 
[[1;34mINFO[m] 
[[1;34mINFO[m] [1m--- [0;32mtomcat7-maven-plugin:2.2:run[m [1m(default-cli)[m @ [36mimport[0;1m ---[m
[[1;34mINFO[m] Running war on http://localhost:8081/import
[[1;34mINFO[m] Creating Tomcat server configuration at /home/sw360/sw360tool_latest/target/tomcat
[[1;34mINFO[m] create webapp with contextPath: /import
Apr 08, 2020 3:34:45 PM org.apache.coyote.AbstractProtocol init
INFO: Initializing ProtocolHandler ["http-bio-8081"]
Apr 08, 2020 3:34:45 PM org.apache.catalina.core.StandardService startInternal
INFO: Starting service Tomcat
Apr 08, 2020 3:34:45 PM org.apache.catalina.core.StandardEngine startInternal
INFO: Starting Servlet Engine: Apache Tomcat/7.0.47
Apr 08, 2020 3:34:46 PM org.apache.catalina.startup.ContextConfig processAnnotationsJar
SEVERE: Unable to process Jar entry [META-INF/versions/9/module-info.class] from Jar [jar:file:/root/.m2/repository/org/apache/logging/log4j/log4j-api/2.11.2/log4j-api-2.11.2.jar!/] for annotations
org.apache.tomcat.util.bcel.classfile.ClassFormatException: Invalid byte tag in constant pool: 19
	at org.apache.tomcat.util.bcel.classfile.Constant.readConstant(Constant.java:133)
	at org.apache.tomcat.util.bcel.classfile.ConstantPool.<init>(ConstantPool.java:60)
	at org.apache.tomcat.util.bcel.classfile.ClassParser.readConstantPool(ClassParser.java:209)
	at org.apache.tomcat.util.bcel.classfile.ClassParser.parse(ClassParser.java:119)
	at org.apache.catalina.startup.ContextConfig.processAnnotationsStream(ContextConfig.java:2134)
	at org.apache.catalina.startup.ContextConfig.processAnnotationsJar(ContextConfig.java:2010)
	at org.apache.catalina.startup.ContextConfig.processAnnotationsUrl(ContextConfig.java:1976)
	at org.apache.catalina.startup.ContextConfig.processAnnotations(ContextConfig.java:1961)
	at org.apache.catalina.startup.ContextConfig.webConfig(ContextConfig.java:1319)
	at org.apache.catalina.startup.ContextConfig.configureStart(ContextConfig.java:878)
	at org.apache.catalina.startup.ContextConfig.lifecycleEvent(ContextConfig.java:376)
	at org.apache.catalina.util.LifecycleSupport.fireLifecycleEvent(LifecycleSupport.java:119)
	at org.apache.catalina.util.LifecycleBase.fireLifecycleEvent(LifecycleBase.java:90)
	at org.apache.catalina.core.StandardContext.startInternal(StandardContext.java:5322)
	at org.apache.catalina.util.LifecycleBase.start(LifecycleBase.java:150)
	at org.apache.catalina.core.ContainerBase$StartChild.call(ContainerBase.java:1559)
	at org.apache.catalina.core.ContainerBase$StartChild.call(ContainerBase.java:1549)
	at java.util.concurrent.FutureTask.run(FutureTask.java:266)
	at java.util.concurrent.ThreadPoolExecutor.runWorker(ThreadPoolExecutor.java:1149)
	at java.util.concurrent.ThreadPoolExecutor$Worker.run(ThreadPoolExecutor.java:624)
	at java.lang.Thread.run(Thread.java:748)

Apr 08, 2020 3:34:48 PM org.apache.catalina.core.ApplicationContext log
INFO: 1 Spring WebApplicationInitializers detected on classpath
2020-04-08 15:34:48 DEBUG DispatcherServlet:118 - Initializing servlet 'spdx'
2020-04-08 15:34:48 DEBUG StandardServletEnvironment:109 - Adding [servletConfigInitParams] PropertySource with lowest search precedence
2020-04-08 15:34:48 DEBUG StandardServletEnvironment:109 - Adding [servletContextInitParams] PropertySource with lowest search precedence
2020-04-08 15:34:48 DEBUG StandardServletEnvironment:109 - Adding [jndiProperties] PropertySource with lowest search precedence
2020-04-08 15:34:48 DEBUG StandardServletEnvironment:109 - Adding [systemProperties] PropertySource with lowest search precedence
2020-04-08 15:34:48 DEBUG StandardServletEnvironment:109 - Adding [systemEnvironment] PropertySource with lowest search precedence
2020-04-08 15:34:48 DEBUG StandardServletEnvironment:127 - Initialized StandardServletEnvironment with PropertySources [servletConfigInitParams,servletContextInitParams,jndiProperties,systemProperties,systemEnvironment]
Apr 08, 2020 3:34:48 PM org.apache.catalina.core.ApplicationContext log
INFO: Initializing Spring FrameworkServlet 'spdx'
2020-04-08 15:34:48 INFO  DispatcherServlet:489 - FrameworkServlet 'spdx': initialization started
2020-04-08 15:34:48 DEBUG DispatcherServlet:617 - Servlet with name 'spdx' will try to create custom WebApplicationContext context of class 'org.springframework.web.context.support.XmlWebApplicationContext', using parent context [null]
2020-04-08 15:34:48 DEBUG StandardServletEnvironment:174 - Replacing [servletContextInitParams] PropertySource with [servletContextInitParams]
2020-04-08 15:34:48 DEBUG StandardServletEnvironment:174 - Replacing [servletConfigInitParams] PropertySource with [servletConfigInitParams]
2020-04-08 15:34:48 INFO  XmlWebApplicationContext:581 - Refreshing WebApplicationContext for namespace 'spdx-servlet': startup date [Wed Apr 08 15:34:48 GMT 2020]; root of context hierarchy
2020-04-08 15:34:48 DEBUG StandardEnvironment:109 - Adding [systemProperties] PropertySource with lowest search precedence
2020-04-08 15:34:48 DEBUG StandardEnvironment:109 - Adding [systemEnvironment] PropertySource with lowest search precedence
2020-04-08 15:34:48 DEBUG StandardEnvironment:127 - Initialized StandardEnvironment with PropertySources [systemProperties,systemEnvironment]
2020-04-08 15:34:48 INFO  XmlBeanDefinitionReader:317 - Loading XML bean definitions from ServletContext resource [/WEB-INF/spdx-servlet.xml]
2020-04-08 15:34:48 DEBUG DefaultDocumentLoader:73 - Using JAXP provider [com.sun.org.apache.xerces.internal.jaxp.DocumentBuilderFactoryImpl]
2020-04-08 15:34:49 DEBUG PluggableSchemaResolver:141 - Loading schema mappings from [META-INF/spring.schemas]
2020-04-08 15:34:49 DEBUG PluggableSchemaResolver:147 - Loaded schema mappings: {http://www.springframework.org/schema/tx/spring-tx-4.3.xsd=org/springframework/transaction/config/spring-tx-4.3.xsd, http://www.springframework.org/schema/tx/spring-tx-2.5.xsd=org/springframework/transaction/config/spring-tx-2.5.xsd, http://www.springframework.org/schema/cache/spring-cache-4.2.xsd=org/springframework/cache/config/spring-cache-4.2.xsd, http://www.springframework.org/schema/aop/spring-aop-4.1.xsd=org/springframework/aop/config/spring-aop-4.1.xsd, http://www.springframework.org/schema/context/spring-context-3.1.xsd=org/springframework/context/config/spring-context-3.1.xsd, http://www.springframework.org/schema/jdbc/spring-jdbc-4.1.xsd=org/springframework/jdbc/config/spring-jdbc-4.1.xsd, http://www.springframework.org/schema/mvc/spring-mvc-4.1.xsd=org/springframework/web/servlet/config/spring-mvc-4.1.xsd, http://www.springframework.org/schema/util/spring-util-3.0.xsd=org/springframework/beans/factory/xml/spring-util-3.0.xsd, http://www.springframework.org/schema/aop/spring-aop-3.2.xsd=org/springframework/aop/config/spring-aop-3.2.xsd, http://www.springframework.org/schema/tool/spring-tool.xsd=org/springframework/beans/factory/xml/spring-tool-4.3.xsd, http://www.springframework.org/schema/lang/spring-lang-4.1.xsd=org/springframework/scripting/config/spring-lang-4.1.xsd, http://www.springframework.org/schema/context/spring-context-4.0.xsd=org/springframework/context/config/spring-context-4.0.xsd, http://www.springframework.org/schema/mvc/spring-mvc-3.2.xsd=org/springframework/web/servlet/config/spring-mvc-3.2.xsd, http://www.springframework.org/schema/beans/spring-beans-4.2.xsd=org/springframework/beans/factory/xml/spring-beans-4.2.xsd, http://www.springframework.org/schema/tool/spring-tool-4.1.xsd=org/springframework/beans/factory/xml/spring-tool-4.1.xsd, http://www.springframework.org/schema/lang/spring-lang-3.2.xsd=org/springframework/scripting/config/spring-lang-3.2.xsd, http://www.springframework.org/schema/cache/spring-cache-3.2.xsd=org/springframework/cache/config/spring-cache-3.2.xsd, http://www.springframework.org/schema/jee/spring-jee-4.1.xsd=org/springframework/ejb/config/spring-jee-4.1.xsd, http://www.springframework.org/schema/jdbc/spring-jdbc-3.1.xsd=org/springframework/jdbc/config/spring-jdbc-3.1.xsd, http://www.springframework.org/schema/util/spring-util-2.0.xsd=org/springframework/beans/factory/xml/spring-util-2.0.xsd, http://www.springframework.org/schema/task/spring-task-4.2.xsd=org/springframework/scheduling/config/spring-task-4.2.xsd, http://www.springframework.org/schema/tool/spring-tool-3.2.xsd=org/springframework/beans/factory/xml/spring-tool-3.2.xsd, http://www.springframework.org/schema/context/spring-context.xsd=org/springframework/context/config/spring-context-4.3.xsd, http://www.springframework.org/schema/tx/spring-tx-4.2.xsd=org/springframework/transaction/config/spring-tx-4.2.xsd, http://www.springframework.org/schema/cache/spring-cache-4.1.xsd=org/springframework/cache/config/spring-cache-4.1.xsd, http://www.springframework.org/schema/aop/spring-aop-4.0.xsd=org/springframework/aop/config/spring-aop-4.0.xsd, http://www.springframework.org/schema/jee/spring-jee-3.2.xsd=org/springframework/ejb/config/spring-jee-3.2.xsd, http://www.springframework.org/schema/context/spring-context-3.0.xsd=org/springframework/context/config/spring-context-3.0.xsd, http://www.springframework.org/schema/jdbc/spring-jdbc-4.0.xsd=org/springframework/jdbc/config/spring-jdbc-4.0.xsd, http://www.springframework.org/schema/mvc/spring-mvc-4.0.xsd=org/springframework/web/servlet/config/spring-mvc-4.0.xsd, http://www.springframework.org/schema/util/spring-util-2.5.xsd=org/springframework/beans/factory/xml/spring-util-2.5.xsd, http://www.springframework.org/schema/util/spring-util-4.3.xsd=org/springframework/beans/factory/xml/spring-util-4.3.xsd, http://www.springframework.org/schema/beans/spring-beans-3.2.xsd=org/springframework/beans/factory/xml/spring-beans-3.2.xsd, http://www.springframework.org/schema/aop/spring-aop-3.1.xsd=org/springframework/aop/config/spring-aop-3.1.xsd, http://www.springframework.org/schema/lang/spring-lang-4.0.xsd=org/springframework/scripting/config/spring-lang-4.0.xsd, http://www.springframework.org/schema/mvc/spring-mvc.xsd=org/springframework/web/servlet/config/spring-mvc-4.3.xsd, http://www.springframework.org/schema/mvc/spring-mvc-3.1.xsd=org/springframework/web/servlet/config/spring-mvc-3.1.xsd, http://www.springframework.org/schema/beans/spring-beans-4.1.xsd=org/springframework/beans/factory/xml/spring-beans-4.1.xsd, http://www.springframework.org/schema/tool/spring-tool-4.0.xsd=org/springframework/beans/factory/xml/spring-tool-4.0.xsd, http://www.springframework.org/schema/tx/spring-tx-3.2.xsd=org/springframework/transaction/config/spring-tx-3.2.xsd, http://www.springframework.org/schema/lang/spring-lang-3.1.xsd=org/springframework/scripting/config/spring-lang-3.1.xsd, http://www.springframework.org/schema/cache/spring-cache-3.1.xsd=org/springframework/cache/config/spring-cache-3.1.xsd, http://www.springframework.org/schema/jee/spring-jee-4.0.xsd=org/springframework/ejb/config/spring-jee-4.0.xsd, http://www.springframework.org/schema/jdbc/spring-jdbc-3.0.xsd=org/springframework/jdbc/config/spring-jdbc-3.0.xsd, http://www.springframework.org/schema/task/spring-task-4.1.xsd=org/springframework/scheduling/config/spring-task-4.1.xsd, http://www.springframework.org/schema/jdbc/spring-jdbc.xsd=org/springframework/jdbc/config/spring-jdbc-4.3.xsd, http://www.springframework.org/schema/tool/spring-tool-3.1.xsd=org/springframework/beans/factory/xml/spring-tool-3.1.xsd, http://www.springframework.org/schema/tx/spring-tx-4.1.xsd=org/springframework/transaction/config/spring-tx-4.1.xsd, http://www.springframework.org/schema/cache/spring-cache-4.0.xsd=org/springframework/cache/config/spring-cache-4.0.xsd, http://www.springframework.org/schema/jee/spring-jee-3.1.xsd=org/springframework/ejb/config/spring-jee-3.1.xsd, http://www.springframework.org/schema/task/spring-task-3.2.xsd=org/springframework/scheduling/config/spring-task-3.2.xsd, http://www.springframework.org/schema/util/spring-util-4.2.xsd=org/springframework/beans/factory/xml/spring-util-4.2.xsd, http://www.springframework.org/schema/beans/spring-beans-3.1.xsd=org/springframework/beans/factory/xml/spring-beans-3.1.xsd, http://www.springframework.org/schema/util/spring-util.xsd=org/springframework/beans/factory/xml/spring-util-4.3.xsd, http://www.springframework.org/schema/aop/spring-aop-3.0.xsd=org/springframework/aop/config/spring-aop-3.0.xsd, http://www.springframework.org/schema/mvc/spring-mvc-3.0.xsd=org/springframework/web/servlet/config/spring-mvc-3.0.xsd, http://www.springframework.org/schema/beans/spring-beans-4.0.xsd=org/springframework/beans/factory/xml/spring-beans-4.0.xsd, http://www.springframework.org/schema/beans/spring-beans.xsd=org/springframework/beans/factory/xml/spring-beans-4.3.xsd, http://www.springframework.org/schema/tx/spring-tx-3.1.xsd=org/springframework/transaction/config/spring-tx-3.1.xsd, http://www.springframework.org/schema/lang/spring-lang-3.0.xsd=org/springframework/scripting/config/spring-lang-3.0.xsd, http://www.springframework.org/schema/context/spring-context-2.5.xsd=org/springframework/context/config/spring-context-2.5.xsd, http://www.springframework.org/schema/context/spring-context-4.3.xsd=org/springframework/context/config/spring-context-4.3.xsd, http://www.springframework.org/schema/task/spring-task-4.0.xsd=org/springframework/scheduling/config/spring-task-4.0.xsd, http://www.springframework.org/schema/tool/spring-tool-3.0.xsd=org/springframework/beans/factory/xml/spring-tool-3.0.xsd, http://www.springframework.org/schema/tx/spring-tx-4.0.xsd=org/springframework/transaction/config/spring-tx-4.0.xsd, http://www.springframework.org/schema/aop/spring-aop-2.0.xsd=org/springframework/aop/config/spring-aop-2.0.xsd, http://www.springframework.org/schema/jee/spring-jee-3.0.xsd=org/springframework/ejb/config/spring-jee-3.0.xsd, http://www.springframework.org/schema/util/spring-util-4.1.xsd=org/springframework/beans/factory/xml/spring-util-4.1.xsd, http://www.springframework.org/schema/task/spring-task-3.1.xsd=org/springframework/scheduling/config/spring-task-3.1.xsd, http://www.springframework.org/schema/beans/spring-beans-3.0.xsd=org/springframework/beans/factory/xml/spring-beans-3.0.xsd, http://www.springframework.org/schema/jee/spring-jee.xsd=org/springframework/ejb/config/spring-jee-4.3.xsd, http://www.springframework.org/schema/aop/spring-aop-4.3.xsd=org/springframework/aop/config/spring-aop-4.3.xsd, http://www.springframework.org/schema/aop/spring-aop-2.5.xsd=org/springframework/aop/config/spring-aop-2.5.xsd, http://www.springframework.org/schema/lang/spring-lang-2.0.xsd=org/springframework/scripting/config/spring-lang-2.0.xsd, http://www.springframework.org/schema/jdbc/spring-jdbc-4.3.xsd=org/springframework/jdbc/config/spring-jdbc-4.3.xsd, http://www.springframework.org/schema/mvc/spring-mvc-4.3.xsd=org/springframework/web/servlet/config/spring-mvc-4.3.xsd, http://www.springframework.org/schema/util/spring-util-3.2.xsd=org/springframework/beans/factory/xml/spring-util-3.2.xsd, http://www.springframework.org/schema/task/spring-task.xsd=org/springframework/scheduling/config/spring-task-4.3.xsd, http://www.springframework.org/schema/tool/spring-tool-2.0.xsd=org/springframework/beans/factory/xml/spring-tool-2.0.xsd, http://www.springframework.org/schema/tx/spring-tx-3.0.xsd=org/springframework/transaction/config/spring-tx-3.0.xsd, http://www.springframework.org/schema/lang/spring-lang-2.5.xsd=org/springframework/scripting/config/spring-lang-2.5.xsd, http://www.springframework.org/schema/lang/spring-lang-4.3.xsd=org/springframework/scripting/config/spring-lang-4.3.xsd, http://www.springframework.org/schema/context/spring-context-4.2.xsd=org/springframework/context/config/spring-context-4.2.xsd, http://www.springframework.org/schema/jee/spring-jee-2.0.xsd=org/springframework/ejb/config/spring-jee-2.0.xsd, http://www.springframework.org/schema/tool/spring-tool-4.3.xsd=org/springframework/beans/factory/xml/spring-tool-4.3.xsd, http://www.springframework.org/schema/tool/spring-tool-2.5.xsd=org/springframework/beans/factory/xml/spring-tool-2.5.xsd, http://www.springframework.org/schema/jee/spring-jee-4.3.xsd=org/springframework/ejb/config/spring-jee-4.3.xsd, http://www.springframework.org/schema/jee/spring-jee-2.5.xsd=org/springframework/ejb/config/spring-jee-2.5.xsd, http://www.springframework.org/schema/util/spring-util-4.0.xsd=org/springframework/beans/factory/xml/spring-util-4.0.xsd, http://www.springframework.org/schema/task/spring-task-3.0.xsd=org/springframework/scheduling/config/spring-task-3.0.xsd, http://www.springframework.org/schema/cache/spring-cache-4.3.xsd=org/springframework/cache/config/spring-cache-4.3.xsd, http://www.springframework.org/schema/aop/spring-aop-4.2.xsd=org/springframework/aop/config/spring-aop-4.2.xsd, http://www.springframework.org/schema/lang/spring-lang.xsd=org/springframework/scripting/config/spring-lang-4.3.xsd, http://www.springframework.org/schema/context/spring-context-3.2.xsd=org/springframework/context/config/spring-context-3.2.xsd, http://www.springframework.org/schema/jdbc/spring-jdbc-4.2.xsd=org/springframework/jdbc/config/spring-jdbc-4.2.xsd, http://www.springframework.org/schema/mvc/spring-mvc-4.2.xsd=org/springframework/web/servlet/config/spring-mvc-4.2.xsd, http://www.springframework.org/schema/util/spring-util-3.1.xsd=org/springframework/beans/factory/xml/spring-util-3.1.xsd, http://www.springframework.org/schema/beans/spring-beans-2.0.xsd=org/springframework/beans/factory/xml/spring-beans-2.0.xsd, http://www.springframework.org/schema/cache/spring-cache.xsd=org/springframework/cache/config/spring-cache-4.3.xsd, http://www.springframework.org/schema/tx/spring-tx.xsd=org/springframework/transaction/config/spring-tx-4.3.xsd, http://www.springframework.org/schema/lang/spring-lang-4.2.xsd=org/springframework/scripting/config/spring-lang-4.2.xsd, http://www.springframework.org/schema/context/spring-context-4.1.xsd=org/springframework/context/config/spring-context-4.1.xsd, http://www.springframework.org/schema/beans/spring-beans-2.5.xsd=org/springframework/beans/factory/xml/spring-beans-2.5.xsd, http://www.springframework.org/schema/beans/spring-beans-4.3.xsd=org/springframework/beans/factory/xml/spring-beans-4.3.xsd, http://www.springframework.org/schema/tool/spring-tool-4.2.xsd=org/springframework/beans/factory/xml/spring-tool-4.2.xsd, http://www.springframework.org/schema/tx/spring-tx-2.0.xsd=org/springframework/transaction/config/spring-tx-2.0.xsd, http://www.springframework.org/schema/jee/spring-jee-4.2.xsd=org/springframework/ejb/config/spring-jee-4.2.xsd, http://www.springframework.org/schema/jdbc/spring-jdbc-3.2.xsd=org/springframework/jdbc/config/spring-jdbc-3.2.xsd, http://www.springframework.org/schema/aop/spring-aop.xsd=org/springframework/aop/config/spring-aop-4.3.xsd, http://www.springframework.org/schema/task/spring-task-4.3.xsd=org/springframework/scheduling/config/spring-task-4.3.xsd}
2020-04-08 15:34:49 DEBUG ResourceEntityResolver:89 - Could not resolve XML entity [classpath:/org/springframework/beans/factory/xml/spring-beans-3.0.xsd] against system root URL
java.net.MalformedURLException: unknown protocol: classpath
	at java.net.URL.<init>(URL.java:607)
	at java.net.URL.<init>(URL.java:497)
	at java.net.URL.<init>(URL.java:446)
	at org.springframework.beans.factory.xml.ResourceEntityResolver.resolveEntity(ResourceEntityResolver.java:79)
	at com.sun.org.apache.xerces.internal.util.EntityResolverWrapper.resolveEntity(EntityResolverWrapper.java:110)
	at com.sun.org.apache.xerces.internal.impl.XMLEntityManager.resolveEntity(XMLEntityManager.java:1081)
	at com.sun.org.apache.xerces.internal.impl.xs.XMLSchemaLoader.resolveDocument(XMLSchemaLoader.java:654)
	at com.sun.org.apache.xerces.internal.impl.xs.XMLSchemaValidator.findSchemaGrammar(XMLSchemaValidator.java:2431)
	at com.sun.org.apache.xerces.internal.impl.xs.XMLSchemaValidator.handleStartElement(XMLSchemaValidator.java:1768)
	at com.sun.org.apache.xerces.internal.impl.xs.XMLSchemaValidator.startElement(XMLSchemaValidator.java:741)
	at com.sun.org.apache.xerces.internal.impl.XMLNSDocumentScannerImpl.scanStartElement(XMLNSDocumentScannerImpl.java:374)
	at com.sun.org.apache.xerces.internal.impl.XMLNSDocumentScannerImpl$NSContentDriver.scanRootElementHook(XMLNSDocumentScannerImpl.java:613)
	at com.sun.org.apache.xerces.internal.impl.XMLDocumentFragmentScannerImpl$FragmentContentDriver.next(XMLDocumentFragmentScannerImpl.java:3132)
	at com.sun.org.apache.xerces.internal.impl.XMLDocumentScannerImpl$PrologDriver.next(XMLDocumentScannerImpl.java:852)
	at com.sun.org.apache.xerces.internal.impl.XMLDocumentScannerImpl.next(XMLDocumentScannerImpl.java:602)
	at com.sun.org.apache.xerces.internal.impl.XMLNSDocumentScannerImpl.next(XMLNSDocumentScannerImpl.java:112)
	at com.sun.org.apache.xerces.internal.impl.XMLDocumentFragmentScannerImpl.scanDocument(XMLDocumentFragmentScannerImpl.java:505)
	at com.sun.org.apache.xerces.internal.parsers.XML11Configuration.parse(XML11Configuration.java:842)
	at com.sun.org.apache.xerces.internal.parsers.XML11Configuration.parse(XML11Configuration.java:771)
	at com.sun.org.apache.xerces.internal.parsers.XMLParser.parse(XMLParser.java:141)
	at com.sun.org.apache.xerces.internal.parsers.DOMParser.parse(DOMParser.java:243)
	at com.sun.org.apache.xerces.internal.jaxp.DocumentBuilderImpl.parse(DocumentBuilderImpl.java:339)
	at org.springframework.beans.factory.xml.DefaultDocumentLoader.loadDocument(DefaultDocumentLoader.java:76)
	at org.springframework.beans.factory.xml.XmlBeanDefinitionReader.doLoadDocument(XmlBeanDefinitionReader.java:429)
	at org.springframework.beans.factory.xml.XmlBeanDefinitionReader.doLoadBeanDefinitions(XmlBeanDefinitionReader.java:391)
	at org.springframework.beans.factory.xml.XmlBeanDefinitionReader.loadBeanDefinitions(XmlBeanDefinitionReader.java:336)
	at org.springframework.beans.factory.xml.XmlBeanDefinitionReader.loadBeanDefinitions(XmlBeanDefinitionReader.java:304)
	at org.springframework.beans.factory.support.AbstractBeanDefinitionReader.loadBeanDefinitions(AbstractBeanDefinitionReader.java:181)
	at org.springframework.beans.factory.support.AbstractBeanDefinitionReader.loadBeanDefinitions(AbstractBeanDefinitionReader.java:217)
	at org.springframework.beans.factory.support.AbstractBeanDefinitionReader.loadBeanDefinitions(AbstractBeanDefinitionReader.java:188)
	at org.springframework.web.context.support.XmlWebApplicationContext.loadBeanDefinitions(XmlWebApplicationContext.java:125)
	at org.springframework.web.context.support.XmlWebApplicationContext.loadBeanDefinitions(XmlWebApplicationContext.java:94)
	at org.springframework.context.support.AbstractRefreshableApplicationContext.refreshBeanFactory(AbstractRefreshableApplicationContext.java:129)
	at org.springframework.context.support.AbstractApplicationContext.obtainFreshBeanFactory(AbstractApplicationContext.java:612)
	at org.springframework.context.support.AbstractApplicationContext.refresh(AbstractApplicationContext.java:513)
	at org.springframework.web.servlet.FrameworkServlet.configureAndRefreshWebApplicationContext(FrameworkServlet.java:668)
	at org.springframework.web.servlet.FrameworkServlet.createWebApplicationContext(FrameworkServlet.java:634)
	at org.springframework.web.servlet.FrameworkServlet.createWebApplicationContext(FrameworkServlet.java:682)
	at org.springframework.web.servlet.FrameworkServlet.initWebApplicationContext(FrameworkServlet.java:553)
	at org.springframework.web.servlet.FrameworkServlet.initServletBean(FrameworkServlet.java:494)
	at org.springframework.web.servlet.HttpServletBean.init(HttpServletBean.java:136)
	at javax.servlet.GenericServlet.init(GenericServlet.java:160)
	at org.apache.catalina.core.StandardWrapper.initServlet(StandardWrapper.java:1280)
	at org.apache.catalina.core.StandardWrapper.loadServlet(StandardWrapper.java:1193)
	at org.apache.catalina.core.StandardWrapper.load(StandardWrapper.java:1088)
	at org.apache.catalina.core.StandardContext.loadOnStartup(StandardContext.java:5176)
	at org.apache.catalina.core.StandardContext.startInternal(StandardContext.java:5460)
	at org.apache.catalina.util.LifecycleBase.start(LifecycleBase.java:150)
	at org.apache.catalina.core.ContainerBase$StartChild.call(ContainerBase.java:1559)
	at org.apache.catalina.core.ContainerBase$StartChild.call(ContainerBase.java:1549)
	at java.util.concurrent.FutureTask.run(FutureTask.java:266)
	at java.util.concurrent.ThreadPoolExecutor.runWorker(ThreadPoolExecutor.java:1149)
	at java.util.concurrent.ThreadPoolExecutor$Worker.run(ThreadPoolExecutor.java:624)
	at java.lang.Thread.run(Thread.java:748)
2020-04-08 15:34:49 DEBUG ResourceEntityResolver:103 - Found XML entity [classpath:/org/springframework/beans/factory/xml/spring-beans-3.0.xsd]: class path resource [org/springframework/beans/factory/xml/spring-beans-3.0.xsd]
2020-04-08 15:34:49 DEBUG ResourceEntityResolver:89 - Could not resolve XML entity [classpath:/org/springframework/context/config/spring-context-3.0.xsd] against system root URL
java.net.MalformedURLException: unknown protocol: classpath
	at java.net.URL.<init>(URL.java:607)
	at java.net.URL.<init>(URL.java:497)
	at java.net.URL.<init>(URL.java:446)
	at org.springframework.beans.factory.xml.ResourceEntityResolver.resolveEntity(ResourceEntityResolver.java:79)
	at com.sun.org.apache.xerces.internal.util.EntityResolverWrapper.resolveEntity(EntityResolverWrapper.java:110)
	at com.sun.org.apache.xerces.internal.impl.XMLEntityManager.resolveEntity(XMLEntityManager.java:1081)
	at com.sun.org.apache.xerces.internal.impl.xs.XMLSchemaLoader.resolveDocument(XMLSchemaLoader.java:654)
	at com.sun.org.apache.xerces.internal.impl.xs.XMLSchemaValidator.findSchemaGrammar(XMLSchemaValidator.java:2431)
	at com.sun.org.apache.xerces.internal.impl.xs.XMLSchemaValidator.handleStartElement(XMLSchemaValidator.java:1768)
	at com.sun.org.apache.xerces.internal.impl.xs.XMLSchemaValidator.emptyElement(XMLSchemaValidator.java:761)
	at com.sun.org.apache.xerces.internal.impl.XMLNSDocumentScannerImpl.scanStartElement(XMLNSDocumentScannerImpl.java:351)
	at com.sun.org.apache.xerces.internal.impl.XMLDocumentFragmentScannerImpl$FragmentContentDriver.next(XMLDocumentFragmentScannerImpl.java:2784)
	at com.sun.org.apache.xerces.internal.impl.XMLDocumentScannerImpl.next(XMLDocumentScannerImpl.java:602)
	at com.sun.org.apache.xerces.internal.impl.XMLNSDocumentScannerImpl.next(XMLNSDocumentScannerImpl.java:112)
	at com.sun.org.apache.xerces.internal.impl.XMLDocumentFragmentScannerImpl.scanDocument(XMLDocumentFragmentScannerImpl.java:505)
	at com.sun.org.apache.xerces.internal.parsers.XML11Configuration.parse(XML11Configuration.java:842)
	at com.sun.org.apache.xerces.internal.parsers.XML11Configuration.parse(XML11Configuration.java:771)
	at com.sun.org.apache.xerces.internal.parsers.XMLParser.parse(XMLParser.java:141)
	at com.sun.org.apache.xerces.internal.parsers.DOMParser.parse(DOMParser.java:243)
	at com.sun.org.apache.xerces.internal.jaxp.DocumentBuilderImpl.parse(DocumentBuilderImpl.java:339)
	at org.springframework.beans.factory.xml.DefaultDocumentLoader.loadDocument(DefaultDocumentLoader.java:76)
	at org.springframework.beans.factory.xml.XmlBeanDefinitionReader.doLoadDocument(XmlBeanDefinitionReader.java:429)
	at org.springframework.beans.factory.xml.XmlBeanDefinitionReader.doLoadBeanDefinitions(XmlBeanDefinitionReader.java:391)
	at org.springframework.beans.factory.xml.XmlBeanDefinitionReader.loadBeanDefinitions(XmlBeanDefinitionReader.java:336)
	at org.springframework.beans.factory.xml.XmlBeanDefinitionReader.loadBeanDefinitions(XmlBeanDefinitionReader.java:304)
	at org.springframework.beans.factory.support.AbstractBeanDefinitionReader.loadBeanDefinitions(AbstractBeanDefinitionReader.java:181)
	at org.springframework.beans.factory.support.AbstractBeanDefinitionReader.loadBeanDefinitions(AbstractBeanDefinitionReader.java:217)
	at org.springframework.beans.factory.support.AbstractBeanDefinitionReader.loadBeanDefinitions(AbstractBeanDefinitionReader.java:188)
	at org.springframework.web.context.support.XmlWebApplicationContext.loadBeanDefinitions(XmlWebApplicationContext.java:125)
	at org.springframework.web.context.support.XmlWebApplicationContext.loadBeanDefinitions(XmlWebApplicationContext.java:94)
	at org.springframework.context.support.AbstractRefreshableApplicationContext.refreshBeanFactory(AbstractRefreshableApplicationContext.java:129)
	at org.springframework.context.support.AbstractApplicationContext.obtainFreshBeanFactory(AbstractApplicationContext.java:612)
	at org.springframework.context.support.AbstractApplicationContext.refresh(AbstractApplicationContext.java:513)
	at org.springframework.web.servlet.FrameworkServlet.configureAndRefreshWebApplicationContext(FrameworkServlet.java:668)
	at org.springframework.web.servlet.FrameworkServlet.createWebApplicationContext(FrameworkServlet.java:634)
	at org.springframework.web.servlet.FrameworkServlet.createWebApplicationContext(FrameworkServlet.java:682)
	at org.springframework.web.servlet.FrameworkServlet.initWebApplicationContext(FrameworkServlet.java:553)
	at org.springframework.web.servlet.FrameworkServlet.initServletBean(FrameworkServlet.java:494)
	at org.springframework.web.servlet.HttpServletBean.init(HttpServletBean.java:136)
	at javax.servlet.GenericServlet.init(GenericServlet.java:160)
	at org.apache.catalina.core.StandardWrapper.initServlet(StandardWrapper.java:1280)
	at org.apache.catalina.core.StandardWrapper.loadServlet(StandardWrapper.java:1193)
	at org.apache.catalina.core.StandardWrapper.load(StandardWrapper.java:1088)
	at org.apache.catalina.core.StandardContext.loadOnStartup(StandardContext.java:5176)
	at org.apache.catalina.core.StandardContext.startInternal(StandardContext.java:5460)
	at org.apache.catalina.util.LifecycleBase.start(LifecycleBase.java:150)
	at org.apache.catalina.core.ContainerBase$StartChild.call(ContainerBase.java:1559)
	at org.apache.catalina.core.ContainerBase$StartChild.call(ContainerBase.java:1549)
	at java.util.concurrent.FutureTask.run(FutureTask.java:266)
	at java.util.concurrent.ThreadPoolExecutor.runWorker(ThreadPoolExecutor.java:1149)
	at java.util.concurrent.ThreadPoolExecutor$Worker.run(ThreadPoolExecutor.java:624)
	at java.lang.Thread.run(Thread.java:748)
2020-04-08 15:34:49 DEBUG ResourceEntityResolver:103 - Found XML entity [classpath:/org/springframework/context/config/spring-context-3.0.xsd]: class path resource [org/springframework/context/config/spring-context-3.0.xsd]
2020-04-08 15:34:49 DEBUG PluggableSchemaResolver:119 - Found XML schema [http://www.springframework.org/schema/tool/spring-tool-3.0.xsd] in classpath: org/springframework/beans/factory/xml/spring-tool-3.0.xsd
2020-04-08 15:34:49 DEBUG DefaultBeanDefinitionDocumentReader:92 - Loading bean definitions
2020-04-08 15:34:49 DEBUG DefaultNamespaceHandlerResolver:157 - Loaded NamespaceHandler mappings: {http://www.springframework.org/schema/p=org.springframework.beans.factory.xml.SimplePropertyNamespaceHandler, http://www.springframework.org/schema/mvc=org.springframework.web.servlet.config.MvcNamespaceHandler, http://www.springframework.org/schema/util=org.springframework.beans.factory.xml.UtilNamespaceHandler, http://www.springframework.org/schema/jee=org.springframework.ejb.config.JeeNamespaceHandler, http://www.springframework.org/schema/aop=org.springframework.aop.config.AopNamespaceHandler, http://www.springframework.org/schema/jdbc=org.springframework.jdbc.config.JdbcNamespaceHandler, http://www.springframework.org/schema/cache=org.springframework.cache.config.CacheNamespaceHandler, http://www.springframework.org/schema/c=org.springframework.beans.factory.xml.SimpleConstructorNamespaceHandler, http://www.springframework.org/schema/tx=org.springframework.transaction.config.TxNamespaceHandler, http://www.springframework.org/schema/task=org.springframework.scheduling.config.TaskNamespaceHandler, http://www.springframework.org/schema/lang=org.springframework.scripting.config.LangNamespaceHandler, http://www.springframework.org/schema/context=org.springframework.context.config.ContextNamespaceHandler}
2020-04-08 15:34:49 DEBUG StandardEnvironment:109 - Adding [systemProperties] PropertySource with lowest search precedence
2020-04-08 15:34:49 DEBUG StandardEnvironment:109 - Adding [systemEnvironment] PropertySource with lowest search precedence
2020-04-08 15:34:49 DEBUG StandardEnvironment:127 - Initialized StandardEnvironment with PropertySources [systemProperties,systemEnvironment]
2020-04-08 15:34:49 DEBUG ClassPathBeanDefinitionScanner:244 - JSR-250 'javax.annotation.ManagedBean' found and supported for component scanning
2020-04-08 15:34:49 DEBUG ClassPathBeanDefinitionScanner:252 - JSR-330 'javax.inject.Named' annotation found and supported for component scanning
2020-04-08 15:34:49 DEBUG PathMatchingResourcePatternResolver:317 - Resolved classpath location [com/spdx/] to resources [URL [file:/home/sw360/sw360tool_latest/target/classes/com/spdx/]]
2020-04-08 15:34:49 DEBUG PathMatchingResourcePatternResolver:711 - Looking for matching resources in directory tree [/home/sw360/sw360tool_latest/target/classes/com/spdx]
2020-04-08 15:34:49 DEBUG PathMatchingResourcePatternResolver:773 - Searching directory [/home/sw360/sw360tool_latest/target/classes/com/spdx] for files matching pattern [/home/sw360/sw360tool_latest/target/classes/com/spdx/**/*.class]
2020-04-08 15:34:49 DEBUG PathMatchingResourcePatternResolver:773 - Searching directory [/home/sw360/sw360tool_latest/target/classes/com/spdx/api] for files matching pattern [/home/sw360/sw360tool_latest/target/classes/com/spdx/**/*.class]
2020-04-08 15:34:49 DEBUG PathMatchingResourcePatternResolver:773 - Searching directory [/home/sw360/sw360tool_latest/target/classes/com/spdx/controller] for files matching pattern [/home/sw360/sw360tool_latest/target/classes/com/spdx/**/*.class]
2020-04-08 15:34:49 DEBUG PathMatchingResourcePatternResolver:773 - Searching directory [/home/sw360/sw360tool_latest/target/classes/com/spdx/enums] for files matching pattern [/home/sw360/sw360tool_latest/target/classes/com/spdx/**/*.class]
2020-04-08 15:34:49 DEBUG PathMatchingResourcePatternResolver:773 - Searching directory [/home/sw360/sw360tool_latest/target/classes/com/spdx/model] for files matching pattern [/home/sw360/sw360tool_latest/target/classes/com/spdx/**/*.class]
2020-04-08 15:34:49 DEBUG PathMatchingResourcePatternResolver:773 - Searching directory [/home/sw360/sw360tool_latest/target/classes/com/spdx/service] for files matching pattern [/home/sw360/sw360tool_latest/target/classes/com/spdx/**/*.class]
2020-04-08 15:34:49 DEBUG PathMatchingResourcePatternResolver:773 - Searching directory [/home/sw360/sw360tool_latest/target/classes/com/spdx/utils] for files matching pattern [/home/sw360/sw360tool_latest/target/classes/com/spdx/**/*.class]
2020-04-08 15:34:49 DEBUG PathMatchingResourcePatternResolver:483 - Resolved location pattern [classpath*:com/spdx/**/*.class] to resources [file [/home/sw360/sw360tool_latest/target/classes/com/spdx/api/ApiInterface.class], file [/home/sw360/sw360tool_latest/target/classes/com/spdx/api/CalloutApi.class], file [/home/sw360/sw360tool_latest/target/classes/com/spdx/controller/ImportFileController.class], file [/home/sw360/sw360tool_latest/target/classes/com/spdx/enums/ContentType.class], file [/home/sw360/sw360tool_latest/target/classes/com/spdx/enums/ExcelFieldEnums.class], file [/home/sw360/sw360tool_latest/target/classes/com/spdx/enums/HeaderEnums.class], file [/home/sw360/sw360tool_latest/target/classes/com/spdx/enums/HttpMethodEnums.class], file [/home/sw360/sw360tool_latest/target/classes/com/spdx/enums/SpdxFieldEnums.class], file [/home/sw360/sw360tool_latest/target/classes/com/spdx/model/ApiResult.class], file [/home/sw360/sw360tool_latest/target/classes/com/spdx/model/HeaderFileNumber.class], file [/home/sw360/sw360tool_latest/target/classes/com/spdx/model/OutputModel.class], file [/home/sw360/sw360tool_latest/target/classes/com/spdx/model/ResponseApiComponent.class], file [/home/sw360/sw360tool_latest/target/classes/com/spdx/model/ResponseToken.class], file [/home/sw360/sw360tool_latest/target/classes/com/spdx/model/SpdxComponent.class], file [/home/sw360/sw360tool_latest/target/classes/com/spdx/model/SpdxExcel.class], file [/home/sw360/sw360tool_latest/target/classes/com/spdx/model/SpdxLicense.class], file [/home/sw360/sw360tool_latest/target/classes/com/spdx/model/SpdxRelease.class], file [/home/sw360/sw360tool_latest/target/classes/com/spdx/service/ExportExcelFileImpl.class], file [/home/sw360/sw360tool_latest/target/classes/com/spdx/service/ExportFileService.class], file [/home/sw360/sw360tool_latest/target/classes/com/spdx/service/FileStorageImpl.class], file [/home/sw360/sw360tool_latest/target/classes/com/spdx/service/FileStoreService.class], file [/home/sw360/sw360tool_latest/target/classes/com/spdx/utils/FieldConfig.class], file [/home/sw360/sw360tool_latest/target/classes/com/spdx/utils/HttpClientUtils.class], file [/home/sw360/sw360tool_latest/target/classes/com/spdx/utils/SpdxUtils.class]]
2020-04-08 15:34:49 DEBUG ClassPathBeanDefinitionScanner:286 - Identified candidate component class: file [/home/sw360/sw360tool_latest/target/classes/com/spdx/controller/ImportFileController.class]
2020-04-08 15:34:49 DEBUG ClassPathBeanDefinitionScanner:286 - Identified candidate component class: file [/home/sw360/sw360tool_latest/target/classes/com/spdx/service/ExportExcelFileImpl.class]
2020-04-08 15:34:49 DEBUG ClassPathBeanDefinitionScanner:286 - Identified candidate component class: file [/home/sw360/sw360tool_latest/target/classes/com/spdx/service/FileStorageImpl.class]
2020-04-08 15:34:49 DEBUG BeanDefinitionParserDelegate:481 - Neither XML 'id' nor 'name' specified - using generated bean name [org.springframework.web.servlet.view.InternalResourceViewResolver#0]
2020-04-08 15:34:49 DEBUG XmlBeanDefinitionReader:224 - Loaded 11 bean definitions from location pattern [/WEB-INF/spdx-servlet.xml]
2020-04-08 15:34:49 DEBUG XmlWebApplicationContext:615 - Bean factory for WebApplicationContext for namespace 'spdx-servlet': org.springframework.beans.factory.support.DefaultListableBeanFactory@191a23e6: defining beans [importFileController,exportExcelFileImpl,fileStorageImpl,org.springframework.context.annotation.internalConfigurationAnnotationProcessor,org.springframework.context.annotation.internalAutowiredAnnotationProcessor,org.springframework.context.annotation.internalRequiredAnnotationProcessor,org.springframework.context.annotation.internalCommonAnnotationProcessor,org.springframework.context.event.internalEventListenerProcessor,org.springframework.context.event.internalEventListenerFactory,org.springframework.web.servlet.view.InternalResourceViewResolver#0,multipartResolver]; root of factory hierarchy
2020-04-08 15:34:49 DEBUG DefaultListableBeanFactory:879 - Registering scope 'request' with implementation [org.springframework.web.context.request.RequestScope@6a7f135e]
2020-04-08 15:34:49 DEBUG DefaultListableBeanFactory:879 - Registering scope 'session' with implementation [org.springframework.web.context.request.SessionScope@24be8810]
2020-04-08 15:34:49 DEBUG DefaultListableBeanFactory:879 - Registering scope 'globalSession' with implementation [org.springframework.web.context.request.SessionScope@36c99a3a]
2020-04-08 15:34:49 DEBUG DefaultListableBeanFactory:879 - Registering scope 'application' with implementation [org.springframework.web.context.support.ServletContextScope@7b14b027]
2020-04-08 15:34:49 DEBUG DefaultListableBeanFactory:221 - Creating shared instance of singleton bean 'org.springframework.context.annotation.internalConfigurationAnnotationProcessor'
2020-04-08 15:34:49 DEBUG DefaultListableBeanFactory:448 - Creating instance of bean 'org.springframework.context.annotation.internalConfigurationAnnotationProcessor'
2020-04-08 15:34:49 DEBUG DefaultListableBeanFactory:529 - Eagerly caching bean 'org.springframework.context.annotation.internalConfigurationAnnotationProcessor' to allow for resolving potential circular references
2020-04-08 15:34:49 DEBUG DefaultListableBeanFactory:484 - Finished creating instance of bean 'org.springframework.context.annotation.internalConfigurationAnnotationProcessor'
2020-04-08 15:34:49 DEBUG DefaultListableBeanFactory:221 - Creating shared instance of singleton bean 'org.springframework.context.annotation.internalAutowiredAnnotationProcessor'
2020-04-08 15:34:49 DEBUG DefaultListableBeanFactory:448 - Creating instance of bean 'org.springframework.context.annotation.internalAutowiredAnnotationProcessor'
2020-04-08 15:34:49 INFO  AutowiredAnnotationBeanPostProcessor:155 - JSR-330 'javax.inject.Inject' annotation found and supported for autowiring
2020-04-08 15:34:49 DEBUG DefaultListableBeanFactory:529 - Eagerly caching bean 'org.springframework.context.annotation.internalAutowiredAnnotationProcessor' to allow for resolving potential circular references
2020-04-08 15:34:49 DEBUG DefaultListableBeanFactory:484 - Finished creating instance of bean 'org.springframework.context.annotation.internalAutowiredAnnotationProcessor'
2020-04-08 15:34:49 DEBUG DefaultListableBeanFactory:221 - Creating shared instance of singleton bean 'org.springframework.context.annotation.internalRequiredAnnotationProcessor'
2020-04-08 15:34:49 DEBUG DefaultListableBeanFactory:448 - Creating instance of bean 'org.springframework.context.annotation.internalRequiredAnnotationProcessor'
2020-04-08 15:34:49 DEBUG DefaultListableBeanFactory:529 - Eagerly caching bean 'org.springframework.context.annotation.internalRequiredAnnotationProcessor' to allow for resolving potential circular references
2020-04-08 15:34:49 DEBUG DefaultListableBeanFactory:484 - Finished creating instance of bean 'org.springframework.context.annotation.internalRequiredAnnotationProcessor'
2020-04-08 15:34:49 DEBUG DefaultListableBeanFactory:221 - Creating shared instance of singleton bean 'org.springframework.context.annotation.internalCommonAnnotationProcessor'
2020-04-08 15:34:49 DEBUG DefaultListableBeanFactory:448 - Creating instance of bean 'org.springframework.context.annotation.internalCommonAnnotationProcessor'
2020-04-08 15:34:49 DEBUG DefaultListableBeanFactory:529 - Eagerly caching bean 'org.springframework.context.annotation.internalCommonAnnotationProcessor' to allow for resolving potential circular references
2020-04-08 15:34:49 DEBUG DefaultListableBeanFactory:484 - Finished creating instance of bean 'org.springframework.context.annotation.internalCommonAnnotationProcessor'
2020-04-08 15:34:49 DEBUG DefaultListableBeanFactory:221 - Creating shared instance of singleton bean 'org.springframework.context.annotation.ConfigurationClassPostProcessor.importAwareProcessor'
2020-04-08 15:34:49 DEBUG DefaultListableBeanFactory:448 - Creating instance of bean 'org.springframework.context.annotation.ConfigurationClassPostProcessor.importAwareProcessor'
2020-04-08 15:34:49 DEBUG DefaultListableBeanFactory:529 - Eagerly caching bean 'org.springframework.context.annotation.ConfigurationClassPostProcessor.importAwareProcessor' to allow for resolving potential circular references
2020-04-08 15:34:49 DEBUG DefaultListableBeanFactory:484 - Finished creating instance of bean 'org.springframework.context.annotation.ConfigurationClassPostProcessor.importAwareProcessor'
2020-04-08 15:34:49 DEBUG DefaultListableBeanFactory:221 - Creating shared instance of singleton bean 'org.springframework.context.annotation.ConfigurationClassPostProcessor.enhancedConfigurationProcessor'
2020-04-08 15:34:49 DEBUG DefaultListableBeanFactory:448 - Creating instance of bean 'org.springframework.context.annotation.ConfigurationClassPostProcessor.enhancedConfigurationProcessor'
2020-04-08 15:34:49 DEBUG DefaultListableBeanFactory:529 - Eagerly caching bean 'org.springframework.context.annotation.ConfigurationClassPostProcessor.enhancedConfigurationProcessor' to allow for resolving potential circular references
2020-04-08 15:34:49 DEBUG DefaultListableBeanFactory:484 - Finished creating instance of bean 'org.springframework.context.annotation.ConfigurationClassPostProcessor.enhancedConfigurationProcessor'
2020-04-08 15:34:49 DEBUG XmlWebApplicationContext:728 - Unable to locate MessageSource with name 'messageSource': using default [org.springframework.context.support.DelegatingMessageSource@434f5dbc]
2020-04-08 15:34:49 DEBUG XmlWebApplicationContext:752 - Unable to locate ApplicationEventMulticaster with name 'applicationEventMulticaster': using default [org.springframework.context.event.SimpleApplicationEventMulticaster@8d5bd81]
2020-04-08 15:34:49 DEBUG UiApplicationContextUtils:85 - Unable to locate ThemeSource with name 'themeSource': using default [org.springframework.ui.context.support.ResourceBundleThemeSource@4874fc08]
2020-04-08 15:34:49 DEBUG DefaultListableBeanFactory:745 - Pre-instantiating singletons in org.springframework.beans.factory.support.DefaultListableBeanFactory@191a23e6: defining beans [importFileController,exportExcelFileImpl,fileStorageImpl,org.springframework.context.annotation.internalConfigurationAnnotationProcessor,org.springframework.context.annotation.internalAutowiredAnnotationProcessor,org.springframework.context.annotation.internalRequiredAnnotationProcessor,org.springframework.context.annotation.internalCommonAnnotationProcessor,org.springframework.context.event.internalEventListenerProcessor,org.springframework.context.event.internalEventListenerFactory,org.springframework.web.servlet.view.InternalResourceViewResolver#0,multipartResolver,org.springframework.context.annotation.ConfigurationClassPostProcessor.importAwareProcessor,org.springframework.context.annotation.ConfigurationClassPostProcessor.enhancedConfigurationProcessor]; root of factory hierarchy
2020-04-08 15:34:49 DEBUG DefaultListableBeanFactory:221 - Creating shared instance of singleton bean 'importFileController'
2020-04-08 15:34:49 DEBUG DefaultListableBeanFactory:448 - Creating instance of bean 'importFileController'
2020-04-08 15:34:49 DEBUG InjectionMetadata:72 - Registered injected element on class [com.spdx.controller.ImportFileController]: AutowiredFieldElement for com.spdx.service.FileStoreService com.spdx.controller.ImportFileController.fileStorage
2020-04-08 15:34:49 DEBUG InjectionMetadata:72 - Registered injected element on class [com.spdx.controller.ImportFileController]: AutowiredFieldElement for javax.servlet.ServletContext com.spdx.controller.ImportFileController.context
2020-04-08 15:34:49 DEBUG InjectionMetadata:72 - Registered injected element on class [com.spdx.controller.ImportFileController]: AutowiredFieldElement for com.spdx.service.ExportExcelFileImpl com.spdx.controller.ImportFileController.exportExcelFile
2020-04-08 15:34:49 DEBUG DefaultListableBeanFactory:529 - Eagerly caching bean 'importFileController' to allow for resolving potential circular references
2020-04-08 15:34:49 DEBUG InjectionMetadata:86 - Processing injected element of bean 'importFileController': AutowiredFieldElement for com.spdx.service.FileStoreService com.spdx.controller.ImportFileController.fileStorage
2020-04-08 15:34:49 DEBUG DefaultListableBeanFactory:221 - Creating shared instance of singleton bean 'fileStorageImpl'
2020-04-08 15:34:49 DEBUG DefaultListableBeanFactory:448 - Creating instance of bean 'fileStorageImpl'
2020-04-08 15:34:49 DEBUG DefaultListableBeanFactory:529 - Eagerly caching bean 'fileStorageImpl' to allow for resolving potential circular references
2020-04-08 15:34:49 DEBUG DefaultListableBeanFactory:484 - Finished creating instance of bean 'fileStorageImpl'
2020-04-08 15:34:49 DEBUG AutowiredAnnotationBeanPostProcessor:516 - Autowiring by type from bean name 'importFileController' to bean named 'fileStorageImpl'
2020-04-08 15:34:49 DEBUG InjectionMetadata:86 - Processing injected element of bean 'importFileController': AutowiredFieldElement for javax.servlet.ServletContext com.spdx.controller.ImportFileController.context
2020-04-08 15:34:49 DEBUG DefaultListableBeanFactory:251 - Returning cached instance of singleton bean 'servletContext'
2020-04-08 15:34:49 DEBUG AutowiredAnnotationBeanPostProcessor:516 - Autowiring by type from bean name 'importFileController' to bean named 'servletContext'
2020-04-08 15:34:49 DEBUG InjectionMetadata:86 - Processing injected element of bean 'importFileController': AutowiredFieldElement for com.spdx.service.ExportExcelFileImpl com.spdx.controller.ImportFileController.exportExcelFile
2020-04-08 15:34:49 DEBUG DefaultListableBeanFactory:221 - Creating shared instance of singleton bean 'exportExcelFileImpl'
2020-04-08 15:34:49 DEBUG DefaultListableBeanFactory:448 - Creating instance of bean 'exportExcelFileImpl'
2020-04-08 15:34:49 DEBUG DefaultListableBeanFactory:529 - Eagerly caching bean 'exportExcelFileImpl' to allow for resolving potential circular references
2020-04-08 15:34:49 DEBUG DefaultListableBeanFactory:484 - Finished creating instance of bean 'exportExcelFileImpl'
2020-04-08 15:34:49 DEBUG AutowiredAnnotationBeanPostProcessor:516 - Autowiring by type from bean name 'importFileController' to bean named 'exportExcelFileImpl'
2020-04-08 15:34:49 DEBUG DefaultListableBeanFactory:484 - Finished creating instance of bean 'importFileController'
2020-04-08 15:34:49 DEBUG DefaultListableBeanFactory:251 - Returning cached instance of singleton bean 'exportExcelFileImpl'
2020-04-08 15:34:49 DEBUG DefaultListableBeanFactory:251 - Returning cached instance of singleton bean 'fileStorageImpl'
2020-04-08 15:34:49 DEBUG DefaultListableBeanFactory:251 - Returning cached instance of singleton bean 'org.springframework.context.annotation.internalConfigurationAnnotationProcessor'
2020-04-08 15:34:49 DEBUG DefaultListableBeanFactory:251 - Returning cached instance of singleton bean 'org.springframework.context.annotation.internalAutowiredAnnotationProcessor'
2020-04-08 15:34:49 DEBUG DefaultListableBeanFactory:251 - Returning cached instance of singleton bean 'org.springframework.context.annotation.internalRequiredAnnotationProcessor'
2020-04-08 15:34:49 DEBUG DefaultListableBeanFactory:251 - Returning cached instance of singleton bean 'org.springframework.context.annotation.internalCommonAnnotationProcessor'
2020-04-08 15:34:49 DEBUG DefaultListableBeanFactory:221 - Creating shared instance of singleton bean 'org.springframework.context.event.internalEventListenerProcessor'
2020-04-08 15:34:49 DEBUG DefaultListableBeanFactory:448 - Creating instance of bean 'org.springframework.context.event.internalEventListenerProcessor'
2020-04-08 15:34:49 DEBUG DefaultListableBeanFactory:529 - Eagerly caching bean 'org.springframework.context.event.internalEventListenerProcessor' to allow for resolving potential circular references
2020-04-08 15:34:49 DEBUG DefaultListableBeanFactory:484 - Finished creating instance of bean 'org.springframework.context.event.internalEventListenerProcessor'
2020-04-08 15:34:49 DEBUG DefaultListableBeanFactory:221 - Creating shared instance of singleton bean 'org.springframework.context.event.internalEventListenerFactory'
2020-04-08 15:34:49 DEBUG DefaultListableBeanFactory:448 - Creating instance of bean 'org.springframework.context.event.internalEventListenerFactory'
2020-04-08 15:34:49 DEBUG DefaultListableBeanFactory:529 - Eagerly caching bean 'org.springframework.context.event.internalEventListenerFactory' to allow for resolving potential circular references
2020-04-08 15:34:49 DEBUG DefaultListableBeanFactory:484 - Finished creating instance of bean 'org.springframework.context.event.internalEventListenerFactory'
2020-04-08 15:34:49 DEBUG DefaultListableBeanFactory:221 - Creating shared instance of singleton bean 'org.springframework.web.servlet.view.InternalResourceViewResolver#0'
2020-04-08 15:34:49 DEBUG DefaultListableBeanFactory:448 - Creating instance of bean 'org.springframework.web.servlet.view.InternalResourceViewResolver#0'
2020-04-08 15:34:49 DEBUG DefaultListableBeanFactory:529 - Eagerly caching bean 'org.springframework.web.servlet.view.InternalResourceViewResolver#0' to allow for resolving potential circular references
2020-04-08 15:34:49 DEBUG DefaultListableBeanFactory:484 - Finished creating instance of bean 'org.springframework.web.servlet.view.InternalResourceViewResolver#0'
2020-04-08 15:34:49 DEBUG DefaultListableBeanFactory:221 - Creating shared instance of singleton bean 'multipartResolver'
2020-04-08 15:34:49 DEBUG DefaultListableBeanFactory:448 - Creating instance of bean 'multipartResolver'
2020-04-08 15:34:49 DEBUG DefaultListableBeanFactory:529 - Eagerly caching bean 'multipartResolver' to allow for resolving potential circular references
2020-04-08 15:34:49 DEBUG DefaultListableBeanFactory:484 - Finished creating instance of bean 'multipartResolver'
2020-04-08 15:34:49 DEBUG DefaultListableBeanFactory:251 - Returning cached instance of singleton bean 'org.springframework.context.annotation.ConfigurationClassPostProcessor.importAwareProcessor'
2020-04-08 15:34:49 DEBUG DefaultListableBeanFactory:251 - Returning cached instance of singleton bean 'org.springframework.context.annotation.ConfigurationClassPostProcessor.enhancedConfigurationProcessor'
2020-04-08 15:34:49 DEBUG DefaultListableBeanFactory:251 - Returning cached instance of singleton bean 'org.springframework.context.event.internalEventListenerFactory'
2020-04-08 15:34:49 DEBUG XmlWebApplicationContext:779 - Unable to locate LifecycleProcessor with name 'lifecycleProcessor': using default [org.springframework.context.support.DefaultLifecycleProcessor@23a8b6b0]
2020-04-08 15:34:49 DEBUG DefaultListableBeanFactory:251 - Returning cached instance of singleton bean 'lifecycleProcessor'
2020-04-08 15:34:49 DEBUG DefaultListableBeanFactory:251 - Returning cached instance of singleton bean 'multipartResolver'
2020-04-08 15:34:49 DEBUG DispatcherServlet:504 - Using MultipartResolver [org.springframework.web.multipart.commons.CommonsMultipartResolver@651ac748]
2020-04-08 15:34:49 DEBUG DefaultListableBeanFactory:448 - Creating instance of bean 'org.springframework.web.servlet.i18n.AcceptHeaderLocaleResolver'
2020-04-08 15:34:49 DEBUG DefaultListableBeanFactory:484 - Finished creating instance of bean 'org.springframework.web.servlet.i18n.AcceptHeaderLocaleResolver'
2020-04-08 15:34:49 DEBUG DispatcherServlet:533 - Unable to locate LocaleResolver with name 'localeResolver': using default [org.springframework.web.servlet.i18n.AcceptHeaderLocaleResolver@113202dd]
2020-04-08 15:34:49 DEBUG DefaultListableBeanFactory:448 - Creating instance of bean 'org.springframework.web.servlet.theme.FixedThemeResolver'
2020-04-08 15:34:49 DEBUG DefaultListableBeanFactory:484 - Finished creating instance of bean 'org.springframework.web.servlet.theme.FixedThemeResolver'
2020-04-08 15:34:49 DEBUG DispatcherServlet:555 - Unable to locate ThemeResolver with name 'themeResolver': using default [org.springframework.web.servlet.theme.FixedThemeResolver@53888f72]
2020-04-08 15:34:49 DEBUG DefaultListableBeanFactory:448 - Creating instance of bean 'org.springframework.web.servlet.handler.BeanNameUrlHandlerMapping'
2020-04-08 15:34:49 DEBUG BeanNameUrlHandlerMapping:71 - Looking for URL mappings in application context: WebApplicationContext for namespace 'spdx-servlet': startup date [Wed Apr 08 15:34:48 GMT 2020]; root of context hierarchy
2020-04-08 15:34:49 DEBUG BeanNameUrlHandlerMapping:86 - Rejected bean name 'importFileController': no URL paths identified
2020-04-08 15:34:49 DEBUG BeanNameUrlHandlerMapping:86 - Rejected bean name 'exportExcelFileImpl': no URL paths identified
2020-04-08 15:34:49 DEBUG BeanNameUrlHandlerMapping:86 - Rejected bean name 'fileStorageImpl': no URL paths identified
2020-04-08 15:34:49 DEBUG BeanNameUrlHandlerMapping:86 - Rejected bean name 'org.springframework.context.annotation.internalConfigurationAnnotationProcessor': no URL paths identified
2020-04-08 15:34:49 DEBUG BeanNameUrlHandlerMapping:86 - Rejected bean name 'org.springframework.context.annotation.internalAutowiredAnnotationProcessor': no URL paths identified
2020-04-08 15:34:49 DEBUG BeanNameUrlHandlerMapping:86 - Rejected bean name 'org.springframework.context.annotation.internalRequiredAnnotationProcessor': no URL paths identified
2020-04-08 15:34:49 DEBUG BeanNameUrlHandlerMapping:86 - Rejected bean name 'org.springframework.context.annotation.internalCommonAnnotationProcessor': no URL paths identified
2020-04-08 15:34:49 DEBUG BeanNameUrlHandlerMapping:86 - Rejected bean name 'org.springframework.context.event.internalEventListenerProcessor': no URL paths identified
2020-04-08 15:34:49 DEBUG BeanNameUrlHandlerMapping:86 - Rejected bean name 'org.springframework.context.event.internalEventListenerFactory': no URL paths identified
2020-04-08 15:34:49 DEBUG BeanNameUrlHandlerMapping:86 - Rejected bean name 'org.springframework.web.servlet.view.InternalResourceViewResolver#0': no URL paths identified
2020-04-08 15:34:49 DEBUG BeanNameUrlHandlerMapping:86 - Rejected bean name 'multipartResolver': no URL paths identified
2020-04-08 15:34:49 DEBUG BeanNameUrlHandlerMapping:86 - Rejected bean name 'org.springframework.context.annotation.ConfigurationClassPostProcessor.importAwareProcessor': no URL paths identified
2020-04-08 15:34:49 DEBUG BeanNameUrlHandlerMapping:86 - Rejected bean name 'org.springframework.context.annotation.ConfigurationClassPostProcessor.enhancedConfigurationProcessor': no URL paths identified
2020-04-08 15:34:49 DEBUG BeanNameUrlHandlerMapping:86 - Rejected bean name 'environment': no URL paths identified
2020-04-08 15:34:49 DEBUG BeanNameUrlHandlerMapping:86 - Rejected bean name 'systemProperties': no URL paths identified
2020-04-08 15:34:49 DEBUG BeanNameUrlHandlerMapping:86 - Rejected bean name 'systemEnvironment': no URL paths identified
2020-04-08 15:34:49 DEBUG BeanNameUrlHandlerMapping:86 - Rejected bean name 'servletContext': no URL paths identified
2020-04-08 15:34:49 DEBUG BeanNameUrlHandlerMapping:86 - Rejected bean name 'servletConfig': no URL paths identified
2020-04-08 15:34:49 DEBUG BeanNameUrlHandlerMapping:86 - Rejected bean name 'contextParameters': no URL paths identified
2020-04-08 15:34:49 DEBUG BeanNameUrlHandlerMapping:86 - Rejected bean name 'contextAttributes': no URL paths identified
2020-04-08 15:34:49 DEBUG BeanNameUrlHandlerMapping:86 - Rejected bean name 'org.springframework.context.annotation.ConfigurationClassPostProcessor.importRegistry': no URL paths identified
2020-04-08 15:34:49 DEBUG BeanNameUrlHandlerMapping:86 - Rejected bean name 'messageSource': no URL paths identified
2020-04-08 15:34:49 DEBUG BeanNameUrlHandlerMapping:86 - Rejected bean name 'applicationEventMulticaster': no URL paths identified
2020-04-08 15:34:49 DEBUG BeanNameUrlHandlerMapping:86 - Rejected bean name 'lifecycleProcessor': no URL paths identified
2020-04-08 15:34:49 DEBUG DefaultListableBeanFactory:484 - Finished creating instance of bean 'org.springframework.web.servlet.handler.BeanNameUrlHandlerMapping'
2020-04-08 15:34:49 DEBUG DefaultListableBeanFactory:448 - Creating instance of bean 'org.springframework.web.servlet.mvc.annotation.DefaultAnnotationHandlerMapping'
2020-04-08 15:34:49 DEBUG DefaultAnnotationHandlerMapping:71 - Looking for URL mappings in application context: WebApplicationContext for namespace 'spdx-servlet': startup date [Wed Apr 08 15:34:48 GMT 2020]; root of context hierarchy
2020-04-08 15:34:49 DEBUG DefaultListableBeanFactory:251 - Returning cached instance of singleton bean 'importFileController'
2020-04-08 15:34:49 INFO  DefaultAnnotationHandlerMapping:354 - Mapped URL path [/download] onto handler 'importFileController'
2020-04-08 15:34:49 DEBUG DefaultListableBeanFactory:251 - Returning cached instance of singleton bean 'importFileController'
2020-04-08 15:34:49 INFO  DefaultAnnotationHandlerMapping:354 - Mapped URL path [/download.*] onto handler 'importFileController'
2020-04-08 15:34:49 DEBUG DefaultListableBeanFactory:251 - Returning cached instance of singleton bean 'importFileController'
2020-04-08 15:34:49 INFO  DefaultAnnotationHandlerMapping:354 - Mapped URL path [/download/] onto handler 'importFileController'
2020-04-08 15:34:49 DEBUG DefaultListableBeanFactory:251 - Returning cached instance of singleton bean 'importFileController'
2020-04-08 15:34:49 INFO  DefaultAnnotationHandlerMapping:354 - Mapped URL path [/upload] onto handler 'importFileController'
2020-04-08 15:34:49 DEBUG DefaultListableBeanFactory:251 - Returning cached instance of singleton bean 'importFileController'
2020-04-08 15:34:49 INFO  DefaultAnnotationHandlerMapping:354 - Mapped URL path [/upload.*] onto handler 'importFileController'
2020-04-08 15:34:49 DEBUG DefaultListableBeanFactory:251 - Returning cached instance of singleton bean 'importFileController'
2020-04-08 15:34:49 INFO  DefaultAnnotationHandlerMapping:354 - Mapped URL path [/upload/] onto handler 'importFileController'
2020-04-08 15:34:49 DEBUG DefaultListableBeanFactory:251 - Returning cached instance of singleton bean 'importFileController'
2020-04-08 15:34:49 INFO  DefaultAnnotationHandlerMapping:354 - Mapped URL path [/import] onto handler 'importFileController'
2020-04-08 15:34:49 DEBUG DefaultListableBeanFactory:251 - Returning cached instance of singleton bean 'importFileController'
2020-04-08 15:34:49 INFO  DefaultAnnotationHandlerMapping:354 - Mapped URL path [/import.*] onto handler 'importFileController'
2020-04-08 15:34:49 DEBUG DefaultListableBeanFactory:251 - Returning cached instance of singleton bean 'importFileController'
2020-04-08 15:34:49 INFO  DefaultAnnotationHandlerMapping:354 - Mapped URL path [/import/] onto handler 'importFileController'
2020-04-08 15:34:49 DEBUG DefaultListableBeanFactory:251 - Returning cached instance of singleton bean 'importFileController'
2020-04-08 15:34:49 INFO  DefaultAnnotationHandlerMapping:354 - Mapped URL path [/export] onto handler 'importFileController'
2020-04-08 15:34:49 DEBUG DefaultListableBeanFactory:251 - Returning cached instance of singleton bean 'importFileController'
2020-04-08 15:34:49 INFO  DefaultAnnotationHandlerMapping:354 - Mapped URL path [/export.*] onto handler 'importFileController'
2020-04-08 15:34:49 DEBUG DefaultListableBeanFactory:251 - Returning cached instance of singleton bean 'importFileController'
2020-04-08 15:34:49 INFO  DefaultAnnotationHandlerMapping:354 - Mapped URL path [/export/] onto handler 'importFileController'
2020-04-08 15:34:49 DEBUG DefaultAnnotationHandlerMapping:86 - Rejected bean name 'exportExcelFileImpl': no URL paths identified
2020-04-08 15:34:49 DEBUG DefaultAnnotationHandlerMapping:86 - Rejected bean name 'fileStorageImpl': no URL paths identified
2020-04-08 15:34:49 DEBUG DefaultAnnotationHandlerMapping:86 - Rejected bean name 'org.springframework.context.annotation.internalConfigurationAnnotationProcessor': no URL paths identified
2020-04-08 15:34:49 DEBUG DefaultAnnotationHandlerMapping:86 - Rejected bean name 'org.springframework.context.annotation.internalAutowiredAnnotationProcessor': no URL paths identified
2020-04-08 15:34:49 DEBUG DefaultAnnotationHandlerMapping:86 - Rejected bean name 'org.springframework.context.annotation.internalRequiredAnnotationProcessor': no URL paths identified
2020-04-08 15:34:49 DEBUG DefaultAnnotationHandlerMapping:86 - Rejected bean name 'org.springframework.context.annotation.internalCommonAnnotationProcessor': no URL paths identified
2020-04-08 15:34:49 DEBUG DefaultAnnotationHandlerMapping:86 - Rejected bean name 'org.springframework.context.event.internalEventListenerProcessor': no URL paths identified
2020-04-08 15:34:49 DEBUG DefaultAnnotationHandlerMapping:86 - Rejected bean name 'org.springframework.context.event.internalEventListenerFactory': no URL paths identified
2020-04-08 15:34:49 DEBUG DefaultAnnotationHandlerMapping:86 - Rejected bean name 'org.springframework.web.servlet.view.InternalResourceViewResolver#0': no URL paths identified
2020-04-08 15:34:49 DEBUG DefaultAnnotationHandlerMapping:86 - Rejected bean name 'multipartResolver': no URL paths identified
2020-04-08 15:34:49 DEBUG DefaultAnnotationHandlerMapping:86 - Rejected bean name 'org.springframework.context.annotation.ConfigurationClassPostProcessor.importAwareProcessor': no URL paths identified
2020-04-08 15:34:49 DEBUG DefaultAnnotationHandlerMapping:86 - Rejected bean name 'org.springframework.context.annotation.ConfigurationClassPostProcessor.enhancedConfigurationProcessor': no URL paths identified
2020-04-08 15:34:49 DEBUG DefaultAnnotationHandlerMapping:86 - Rejected bean name 'environment': no URL paths identified
2020-04-08 15:34:49 DEBUG DefaultAnnotationHandlerMapping:86 - Rejected bean name 'systemProperties': no URL paths identified
2020-04-08 15:34:49 DEBUG DefaultAnnotationHandlerMapping:86 - Rejected bean name 'systemEnvironment': no URL paths identified
2020-04-08 15:34:49 DEBUG DefaultAnnotationHandlerMapping:86 - Rejected bean name 'servletContext': no URL paths identified
2020-04-08 15:34:49 DEBUG DefaultAnnotationHandlerMapping:86 - Rejected bean name 'servletConfig': no URL paths identified
2020-04-08 15:34:49 DEBUG DefaultAnnotationHandlerMapping:86 - Rejected bean name 'contextParameters': no URL paths identified
2020-04-08 15:34:49 DEBUG DefaultAnnotationHandlerMapping:86 - Rejected bean name 'contextAttributes': no URL paths identified
2020-04-08 15:34:49 DEBUG DefaultAnnotationHandlerMapping:86 - Rejected bean name 'org.springframework.context.annotation.ConfigurationClassPostProcessor.importRegistry': no URL paths identified
2020-04-08 15:34:49 DEBUG DefaultAnnotationHandlerMapping:86 - Rejected bean name 'messageSource': no URL paths identified
2020-04-08 15:34:49 DEBUG DefaultAnnotationHandlerMapping:86 - Rejected bean name 'applicationEventMulticaster': no URL paths identified
2020-04-08 15:34:49 DEBUG DefaultAnnotationHandlerMapping:86 - Rejected bean name 'lifecycleProcessor': no URL paths identified
2020-04-08 15:34:49 DEBUG DefaultListableBeanFactory:484 - Finished creating instance of bean 'org.springframework.web.servlet.mvc.annotation.DefaultAnnotationHandlerMapping'
2020-04-08 15:34:49 DEBUG DispatcherServlet:594 - No HandlerMappings found in servlet 'spdx': using default
2020-04-08 15:34:49 DEBUG DefaultListableBeanFactory:448 - Creating instance of bean 'org.springframework.web.servlet.mvc.HttpRequestHandlerAdapter'
2020-04-08 15:34:49 DEBUG DefaultListableBeanFactory:484 - Finished creating instance of bean 'org.springframework.web.servlet.mvc.HttpRequestHandlerAdapter'
2020-04-08 15:34:49 DEBUG DefaultListableBeanFactory:448 - Creating instance of bean 'org.springframework.web.servlet.mvc.SimpleControllerHandlerAdapter'
2020-04-08 15:34:49 DEBUG DefaultListableBeanFactory:484 - Finished creating instance of bean 'org.springframework.web.servlet.mvc.SimpleControllerHandlerAdapter'
2020-04-08 15:34:49 DEBUG DefaultListableBeanFactory:448 - Creating instance of bean 'org.springframework.web.servlet.mvc.annotation.AnnotationMethodHandlerAdapter'
2020-04-08 15:34:49 DEBUG DefaultListableBeanFactory:484 - Finished creating instance of bean 'org.springframework.web.servlet.mvc.annotation.AnnotationMethodHandlerAdapter'
2020-04-08 15:34:49 DEBUG DispatcherServlet:632 - No HandlerAdapters found in servlet 'spdx': using default
2020-04-08 15:34:49 DEBUG DefaultListableBeanFactory:448 - Creating instance of bean 'org.springframework.web.servlet.mvc.annotation.AnnotationMethodHandlerExceptionResolver'
2020-04-08 15:34:49 DEBUG DefaultListableBeanFactory:484 - Finished creating instance of bean 'org.springframework.web.servlet.mvc.annotation.AnnotationMethodHandlerExceptionResolver'
2020-04-08 15:34:49 DEBUG DefaultListableBeanFactory:448 - Creating instance of bean 'org.springframework.web.servlet.mvc.annotation.ResponseStatusExceptionResolver'
2020-04-08 15:34:49 DEBUG DefaultListableBeanFactory:484 - Finished creating instance of bean 'org.springframework.web.servlet.mvc.annotation.ResponseStatusExceptionResolver'
2020-04-08 15:34:49 DEBUG DefaultListableBeanFactory:448 - Creating instance of bean 'org.springframework.web.servlet.mvc.support.DefaultHandlerExceptionResolver'
2020-04-08 15:34:49 DEBUG DefaultListableBeanFactory:484 - Finished creating instance of bean 'org.springframework.web.servlet.mvc.support.DefaultHandlerExceptionResolver'
2020-04-08 15:34:49 DEBUG DispatcherServlet:671 - No HandlerExceptionResolvers found in servlet 'spdx': using default
2020-04-08 15:34:49 DEBUG DefaultListableBeanFactory:448 - Creating instance of bean 'org.springframework.web.servlet.view.DefaultRequestToViewNameTranslator'
2020-04-08 15:34:49 DEBUG DefaultListableBeanFactory:484 - Finished creating instance of bean 'org.springframework.web.servlet.view.DefaultRequestToViewNameTranslator'
2020-04-08 15:34:49 DEBUG DispatcherServlet:692 - Unable to locate RequestToViewNameTranslator with name 'viewNameTranslator': using default [org.springframework.web.servlet.view.DefaultRequestToViewNameTranslator@24d2119c]
2020-04-08 15:34:49 DEBUG DefaultListableBeanFactory:251 - Returning cached instance of singleton bean 'org.springframework.web.servlet.view.InternalResourceViewResolver#0'
2020-04-08 15:34:49 DEBUG DefaultListableBeanFactory:448 - Creating instance of bean 'org.springframework.web.servlet.support.SessionFlashMapManager'
2020-04-08 15:34:49 DEBUG DefaultListableBeanFactory:484 - Finished creating instance of bean 'org.springframework.web.servlet.support.SessionFlashMapManager'
2020-04-08 15:34:49 DEBUG DispatcherServlet:753 - Unable to locate FlashMapManager with name 'flashMapManager': using default [org.springframework.web.servlet.support.SessionFlashMapManager@6a302942]
2020-04-08 15:34:49 DEBUG JndiTemplate:150 - Looking up JNDI object with name [java:comp/env/spring.liveBeansView.mbeanDomain]
2020-04-08 15:34:49 DEBUG JndiLocatorDelegate:101 - Converted JNDI name [java:comp/env/spring.liveBeansView.mbeanDomain] not found - trying original name [spring.liveBeansView.mbeanDomain]. javax.naming.NameNotFoundException: Name [spring.liveBeansView.mbeanDomain] is not bound in this Context. Unable to find [spring.liveBeansView.mbeanDomain].
2020-04-08 15:34:49 DEBUG JndiTemplate:150 - Looking up JNDI object with name [spring.liveBeansView.mbeanDomain]
2020-04-08 15:34:49 DEBUG JndiPropertySource:99 - JNDI lookup for name [spring.liveBeansView.mbeanDomain] threw NamingException with message: Name [spring.liveBeansView.mbeanDomain] is not bound in this Context. Unable to find [spring.liveBeansView.mbeanDomain].. Returning null.
2020-04-08 15:34:49 DEBUG PropertySourcesPropertyResolver:91 - Could not find key 'spring.liveBeansView.mbeanDomain' in any property source
2020-04-08 15:34:49 DEBUG DispatcherServlet:568 - Published WebApplicationContext of servlet 'spdx' as ServletContext attribute with name [org.springframework.web.servlet.FrameworkServlet.CONTEXT.spdx]
2020-04-08 15:34:49 INFO  DispatcherServlet:508 - FrameworkServlet 'spdx': initialization completed in 712 ms
2020-04-08 15:34:49 DEBUG DispatcherServlet:139 - Servlet 'spdx' configured successfully
Apr 08, 2020 3:34:49 PM org.apache.coyote.AbstractProtocol start
INFO: Starting ProtocolHandler ["http-bio-8081"]
